# iter 1: init params [0.1382057 1.8234168 3.0490804]
# num_iter   params   loss
1   [1.1382056 1.8233665 3.0489962]   1627.7666015625
2   [1.1255288 1.6628408 3.0064113]   611.6666870117188
3   [1.0358741 0.7045658 2.662575 ]   -1302.097412109375
4   [1.0365393 0.6695996 2.5236459]   -1319.544677734375
5   [1.040183  0.6599799 2.2694323]   -1336.684814453125
6   [1.0452168 0.711992  2.07225  ]   -1345.76904296875
7   [1.0535616  0.84723157 1.8407913 ]   -1354.59228515625
8   [1.0589502 0.9234605 1.7248509]   -1356.03857421875
9   [1.0610489  0.93911105 1.7005373 ]   -1356.064453125
10   [1.062968  0.9434754 1.6942532]   -1356.104736328125
11   [1.0693066 0.950629  1.6855862]   -1356.109130859375
12   [1.1115296  0.96342874 1.6878089 ]   -1356.31884765625
13   [1.4027157 1.0166587 1.7470179]   -1357.14208984375
14   [1.6584727 1.0363388 1.7584828]   -1357.77197265625
15   [2.0283585 1.0452504 1.8456185]   -1358.257080078125
16   [2.233972  1.0463763 1.816279 ]   -1358.47509765625
17   [2.5067513 1.0579156 1.8698213]   -1358.66943359375
18   [2.7685707 1.0701474 1.8994186]   -1358.678955078125
19   [2.9231172 1.0775992 1.9060471]   -1358.694580078125
20   [2.9820106 1.0781283 1.9057955]   -1358.71142578125
21   [2.9820106 1.0781283 1.9057955]   -1358.71142578125
------------------------------

# iter 2: init params [6.6016564 5.141676  4.5267787]
# num_iter   params   loss
1   [7.601652  5.1394176 4.5247903]   40156.578125
2   [12.7356615  2.5242233  2.2224102]   1128.66796875
3   [12.793366   1.5667076  1.4522464]   -1335.983642578125
4   [12.79243    1.5479096  1.4557999]   -1337.7421875
5   [12.788712   1.4488196  1.5104085]   -1344.14013671875
6   [12.788587   1.382203   1.5989602]   -1347.36962890625
7   [12.79338    1.2954136  1.8061914]   -1351.68505859375
8   [12.806476   1.2414781  2.1114335]   -1355.228271484375
9   [12.807413   1.2503978  2.1701777]   -1355.419677734375
10   [12.805494   1.2553806  2.159913 ]   -1355.539306640625
11   [12.804258   1.2565612  2.1580045]   -1355.588623046875
12   [12.804203   1.256579   2.1579885]   -1355.640625
13   [12.804203   1.256579   2.1579885]   -1355.640625
------------------------------

# iter 3: init params [1.9464571 2.8730962 9.473273 ]
# num_iter   params   loss
1   [2.9464557 2.872617  9.471693 ]   26747.296875
2   [1.1205556  0.17036259 9.05945   ]   4832.21875
3   [1.9248401  0.63939506 9.06928   ]   2665.033203125
4   [2.2644606  0.60219157 9.029585  ]   2354.584716796875
5   [3.2118416 0.5140909 8.783022 ]   1747.6339111328125
6   [4.357423  0.4350369 8.2746315]   1193.494384765625
7   [7.225673   0.29562795 6.66041   ]   -23.5399169921875
8   [11.103793    0.17591703  4.3279815 ]   -861.700439453125
9   [11.367143    0.25095513  3.9982393 ]   -1065.693115234375
10   [12.016633    0.31359655  3.4245517 ]   -1177.781005859375
11   [12.435843    0.39233732  2.9756572 ]   -1239.320068359375
12   [12.554815   0.4859914  2.7050068]   -1275.67138671875
13   [12.48357     0.61071795  2.5044463 ]   -1306.201904296875
14   [12.263231    0.80850565  2.370661  ]   -1334.192138671875
15   [11.995166   1.0069944  2.3582802]   -1350.081787109375
16   [11.761571   1.1743414  2.3021705]   -1354.974365234375
17   [11.690858   1.2326957  2.1901658]   -1355.70654296875
18   [11.643905   1.2499107  2.1261175]   -1355.813720703125
19   [11.625138   1.2547231  2.1282873]   -1355.875244140625
20   [11.543532   1.257445   2.1250648]   -1355.867431640625
21   [10.288626   1.2560449  2.1261132]   -1356.102294921875
22   [7.6965547 1.2442741 2.0984712]   -1356.63232421875
23   [5.774995  1.2184973 2.054852 ]   -1357.145751953125
24   [3.878487  1.1527952 1.9600228]   -1358.27587890625
25   [4.157834  1.1361421 1.9458832]   -1358.5205078125
26   [3.0330064 1.0922409 1.9038017]   -1358.697021484375
27   [3.0918062 1.0827398 1.913496 ]   -1358.70458984375
28   [3.0918047 1.0827398 1.9134959]   -1358.715576171875
29   [3.0918045 1.0827398 1.9134959]   -1358.74365234375
30   [3.0915709 1.0855771 1.9131438]   -1358.74072265625
31   [3.0915709 1.0855771 1.9131438]   -1358.74072265625
------------------------------

# iter 4: init params [1.3552847 2.477436  1.7053876]
# num_iter   params   loss
1   [2.3552825 2.4757624 1.7042357]   2172.68994140625
2   [0.4867575  0.85921377 1.1775572 ]   -1341.805419921875
3   [0.63201624 0.92251354 1.2424968 ]   -1346.52783203125
4   [0.8858028 1.0049757 1.5391327]   -1353.84375
5   [0.92518705 1.0048586  1.5899917 ]   -1354.307373046875
6   [1.0246189 0.9833224 1.7071579]   -1355.352783203125
7   [1.1841074 0.9802724 1.7792583]   -1356.232666015625
8   [1.402201   0.97429866 1.8235328 ]   -1357.1689453125
9   [1.6654266  0.99051017 1.8405793 ]   -1357.8603515625
10   [2.0235891 1.0289774 1.8537639]   -1358.307861328125
11   [2.4048893 1.0203001 1.872671 ]   -1358.4658203125
12   [2.6742058 1.0569069 1.8964144]   -1358.640625
13   [2.8545346 1.0741726 1.9031411]   -1358.71533203125
14   [2.8551078 1.0742164 1.9031377]   -1358.7294921875
15   [2.8551078 1.0742164 1.9031377]   -1358.7294921875
------------------------------

# iter 5: init params [4.0928645 4.8248897 7.503754 ]
# num_iter   params   loss
1   [9.092835  4.815689  7.4894443]   46844.97265625
2   [365.87906     3.7597475   5.8471036]   5500.8876953125
3   [366.72247     2.0957427   3.2590222]   -1209.88720703125
4   [367.1429      1.3759094   1.8951738]   -1301.841796875
5   [367.06033     1.4907379   2.1800725]   -1316.684326171875
6   [366.9299      1.6432979   2.6475854]   -1336.08984375
7   [366.92532     1.6183245   2.6828377]   -1336.263916015625
------------------------------

