# iter 1: init params [0.1382057 1.8234168 3.0490804]
# num_iter   params   loss
1   [2.6294285e+03 5.7235664e+03 1.0002377e-03]   nan
2   [2.8527148e+02 1.0981563e-03 1.0000000e-03]   15448.0791015625
3   [6.8636208e+01 1.1546551e+01 1.0000002e-03]   7469.11767578125
4   [6.9481010e+01 1.2052227e+01 1.0000000e-03]   7439.7265625
5   [7.0214844e+01 1.2310455e+01 4.7405213e-02]   4003.819580078125
6   [74.269035  10.605425   1.0672135]   -584.5214233398438
7   [75.25453   10.123885   1.3316135]   -593.6140747070312
8   [75.253685  10.123093   1.3321341]   -593.5733032226562
9   [75.24533   10.019899   1.3955537]   -592.9981079101562
10   [75.253296  10.122013   1.3327711]   -593.7319946289062
------------------------------

# iter 2: init params [6.6016564 5.141676  4.5267787]
# num_iter   params   loss
1   [2.0512456e+02 9.8152023e+01 1.0018285e-03]   6190.4140625
2   [1.1540004e+03 1.5882846e+01 1.0026478e-03]   8342.1904296875
3   [5.3969669e+01 7.1015778e+00 1.0000003e-03]   7761.69580078125
4   [75.23022    6.437714   2.9247563]   -582.2359008789062
5   [72.65098    6.5233297  2.5822394]   -592.2400512695312
6   [71.55854    6.5643687  2.435939 ]   -593.4188842773438
7   [71.4168     6.5738754  2.4153924]   -593.5199584960938
8   [71.301575   6.588848   2.3960083]   -593.4917602539062
------------------------------

# iter 3: init params [1.9464571 2.8730962 9.473273 ]
# num_iter   params   loss
1   [3.063724e+02 2.446332e+04 1.000000e-03]   2796.335205078125
2   [7.0351227e+02 3.6983639e+01 1.0000016e-03]   7469.9072265625
3   [2.6900614e+01 2.6164755e+01 1.0000000e-03]   6439.57275390625
4   [29.764034 26.173014  9.098505]   37673.578125
5   [26.468407   26.296818    0.04835907]   1514.655029296875
6   [24.448019   26.914852    0.06810945]   524.5094604492188
7   [22.510574   27.496157    0.08551096]   95.241943359375
8   [20.279222   28.142952    0.10439105]   -157.42010498046875
9   [17.164537  29.02343    0.1298039]   -349.23089599609375
10   [13.335384   30.081856    0.16020212]   -473.26556396484375
11   [ 9.096307   31.226074    0.19301714]   -547.0005493164062
12   [ 2.389056   33.000916    0.24392867]   -607.7953491210938
13   [ 2.830487   32.89188     0.24078245]   -607.3479614257812
14   [ 2.4880505  32.980488    0.24332719]   -607.8421020507812
15   [ 2.4943202  33.012062    0.24413939]   -607.8777465820312
16   [ 2.5522873  33.05907     0.24531233]   -607.9192504882812
17   [ 2.7531896  33.161373    0.24780898]   -607.9939575195312
18   [ 2.974663   33.233536    0.24951011]   -608.0744018554688
19   [ 3.2573698 33.291496   0.2507969]   -608.1426391601562
20   [ 3.4370506  33.318684    0.25136384]   -608.1653442382812
21   [ 3.4946072  33.32757     0.25154877]   -608.1647338867188
------------------------------

# iter 4: init params [1.3552847 2.477436  1.7053876]
# num_iter   params   loss
1   [2.6074316e+02 3.0290740e+04 1.0000000e-03]   4678.89990234375
2   [3.5772278e+02 3.2592793e+01 1.0013566e-03]   7299.0625
3   [1.3001157e+07 3.6723969e+04 5.7999092e+03]   46022.49609375
4   [1.2960814e+04 6.8154869e+01 5.6235628e+00]   37249.9453125
5   [1.2952954e+04 6.8097160e+01 5.6204782e+00]   37254.125
6   [1.2960800e+04 6.8154266e+01 5.6234307e+00]   37253.25390625
7   [1.2960008e+04 6.8151810e+01 5.6223989e+00]   37257.40234375
------------------------------

# iter 5: init params [4.0928645 4.8248897 7.503754 ]
# num_iter   params   loss
1   [8.3210986e+02 1.0279869e-03 1.0162164e-03]   15916.77734375
2   [1.9846492e+04 2.3612166e+03 1.0005782e-03]   nan
3   [6.2964272e+01 6.4608274e+00 1.0000322e-03]   7899.052734375
4   [63.72727    5.9604735  3.4077249]   -541.3766479492188
5   [63.40566    6.058315   2.9798467]   -576.8967895507812
6   [63.153275   6.1402464  2.638283 ]   -588.2062377929688
7   [63.06811   6.178387  2.4984  ]   -589.4979858398438
8   [63.070786   6.191494   2.4676857]   -589.5049438476562
9   [63.113068   6.213126   2.4375165]   -589.7434692382812
10   [63.294815   6.275058   2.3838837]   -590.2290649414062
11   [63.77816    6.4100466  2.31339  ]   -591.2509155273438
12   [64.79647    6.6626425  2.2420428]   -593.1356811523438
13   [66.22984   6.996624  2.194444]   -594.5726928710938
14   [66.77282   7.123534  2.176556]   -594.6849975585938
15   [66.83856   7.142384  2.167244]   -594.7005004882812
16   [66.958954   7.1803236  2.1441104]   -594.7203979492188
17   [67.08857    7.2168694  2.1288335]   -594.7192993164062
18   [66.9832     7.18637    2.1439216]   -594.7417602539062
------------------------------

