# iter 1: init params [0.1382057 1.8234168 3.0490804]
# num_iter   params   loss
1   [0.32681412 1.3174994  2.7530513 ]   -190.31005859375
2   [0.39370173 1.0375905  2.0188613 ]   -1279.091796875
------------------------------

# iter 2: init params [6.6016564 5.141676  4.5267787]
# num_iter   params   loss
1   [7.451129   0.90219516 3.1971288 ]   -1310.03076171875
------------------------------

# iter 3: init params [1.9464571 2.8730962 9.473273 ]
# num_iter   params   loss
1   [2.2923703 0.5187099 7.5504093]   1319.243408203125
------------------------------

# iter 4: init params [1.3552847 2.477436  1.7053876]
# num_iter   params   loss
1   [1.43446   1.6448928 1.5767343]   -1081.66845703125
2   [1.4169027 1.3821921 1.5782641]   -1313.536865234375
3   [1.3984848 1.0726199 1.5869536]   -1356.060546875
4   [1.398485  1.0726182 1.586954 ]   -1356.06591796875
5   [1.3985316 1.0726168 1.5869546]   -1356.07373046875
------------------------------

# iter 5: init params [4.0928645 4.8248897 7.503754 ]
# num_iter   params   loss
------------------------------

